<?xml version="1.0" encoding="UTF-8"?>
<testsuite name="jp.co.topgate.kai.sekiguchi.ox.calculator.ScoreCalculatorTest" tests="2" skipped="0" failures="0" errors="0" timestamp="2017-01-04T06:25:53" hostname="SekiguchiKai-1.local" time="0.001">
  <properties/>
  <testcase name="calcScore" classname="jp.co.topgate.kai.sekiguchi.ox.calculator.ScoreCalculatorTest" time="0.0"/>
  <testcase name="calcLineScore" classname="jp.co.topgate.kai.sekiguchi.ox.calculator.ScoreCalculatorTest" time="0.0"/>
  <system-out><![CDATA[]]></system-out>
  <system-err><![CDATA[]]></system-err>
</testsuite>
